<?xml version="1.0" encoding="UTF-8"?>
<TestRun id="b10b8c42-28d2-43b7-be7c-d22ca05475d8" name="khimiy@A210711 2016-02-04 13:47:14" runUser="OFFICE\khimiy" xmlns="http://microsoft.com/schemas/VisualStudio/TeamTest/2010">
  <TestSettings name="Default Test Settings" id="c755103e-270b-40b0-bb01-d1390d072c9a">
    <Deployment userDeploymentRoot="D:\C#\SpecFlowDemo" useDefaultDeploymentRoot="false" runDeploymentRoot="khimiy_A210711 2016-02-04 13_47_14" />
    <Execution>
      <TestTypeSpecific />
      <AgentRule name="Execution Agents">
      </AgentRule>
    </Execution>
    <Properties />
  </TestSettings>
  <Times creation="2016-02-04T13:47:14.9375820+02:00" queuing="2016-02-04T13:47:15.3767189+02:00" start="2016-02-04T13:47:15.4647462+02:00" finish="2016-02-04T13:48:57.1058936+02:00" />
  <ResultSummary outcome="Completed">
    <Counters total="1" executed="1" passed="1" error="0" failed="0" timeout="0" aborted="0" inconclusive="0" passedButRunAborted="0" notRunnable="0" notExecuted="0" disconnected="0" warning="0" completed="0" inProgress="0" pending="0" />
  </ResultSummary>
  <TestDefinitions>
    <UnitTest name="TestMethod1" storage="d:\c#\buildsdownloader\buildsdownloader\bin\debug\buildsdownloader.dll" id="cc7430fa-93e8-e2ac-13c1-114a7f6c0bf4">
      <Execution id="06a35e28-7ae9-48cb-a40c-5f7647d77b84" />
      <TestMethod codeBase="D:/C#/BuildsDownloader/BuildsDownloader/bin/Debug/BuildsDownloader.DLL" adapterTypeName="Microsoft.VisualStudio.TestTools.TestTypes.Unit.UnitTestAdapter, Microsoft.VisualStudio.QualityTools.Tips.UnitTest.Adapter, Version=12.0.0.0, Culture=neutral, PublicKeyToken=b03f5f7f11d50a3a" className="BuildsDownloader.UnitTest1, BuildsDownloader, Version=1.0.0.0, Culture=neutral, PublicKeyToken=null" name="TestMethod1" />
    </UnitTest>
  </TestDefinitions>
  <TestLists>
    <TestList name="Results Not in a List" id="8c84fa94-04c1-424b-9868-57a2d4851a1d" />
    <TestList name="All Loaded Results" id="19431567-8539-422a-85d7-44ee4e166bda" />
  </TestLists>
  <TestEntries>
    <TestEntry testId="cc7430fa-93e8-e2ac-13c1-114a7f6c0bf4" executionId="06a35e28-7ae9-48cb-a40c-5f7647d77b84" testListId="8c84fa94-04c1-424b-9868-57a2d4851a1d" />
  </TestEntries>
  <Results>
    <UnitTestResult executionId="06a35e28-7ae9-48cb-a40c-5f7647d77b84" testId="cc7430fa-93e8-e2ac-13c1-114a7f6c0bf4" testName="TestMethod1" computerName="A210711" duration="00:01:41.1402508" startTime="2016-02-04T13:47:15.4977546+02:00" endTime="2016-02-04T13:48:56.9418397+02:00" testType="13cdc9d9-ddb5-4fa4-a97d-d965ccfc6d4b" outcome="Passed" testListId="8c84fa94-04c1-424b-9868-57a2d4851a1d" relativeResultsDirectory="06a35e28-7ae9-48cb-a40c-5f7647d77b84">
    </UnitTestResult>
  </Results>
</TestRun>